#-----------------------------------------------------------
# Vivado v2021.1.1 (64-bit)
# SW Build 3286242 on Wed Jul 28 13:10:47 MDT 2021
# IP Build 3279568 on Wed Jul 28 16:48:48 MDT 2021
# Start of session at: Tue Oct  5 13:30:38 2021
# Process ID: 17860
# Current directory: A:/OneDrive/Dokumenter/1. GitHub Repos/ESSD_Assignments/As1_Group6
# Command line: vivado.exe -gui_launcher_event rodinguilauncherevent15740 A:\OneDrive\Dokumenter\1. GitHub Repos\ESSD_Assignments\As1_Group6\As1_Group6.xpr
# Log file: A:/OneDrive/Dokumenter/1. GitHub Repos/ESSD_Assignments/As1_Group6/vivado.log
# Journal file: A:/OneDrive/Dokumenter/1. GitHub Repos/ESSD_Assignments/As1_Group6\vivado.jou
#-----------------------------------------------------------
start_gui
open_project {A:/OneDrive/Dokumenter/1. GitHub Repos/ESSD_Assignments/As1_Group6/As1_Group6.xpr}
WARNING: [filemgmt 56-3] Default IP Output Path : Could not find the directory 'A:/OneDrive/Dokumenter/1. GitHub Repos/ESSD_Assignments/As1_Group6/As1_Group6.gen/sources_1'.
Scanning sources...
Finished scanning sources
INFO: [IP_Flow 19-234] Refreshing IP repositories
INFO: [IP_Flow 19-1704] No user IP repositories specified
INFO: [IP_Flow 19-2313] Loaded Vivado IP repository 'A:/Vivado/2021.1/data/ip'.
exit
INFO: [Common 17-206] Exiting Vivado at Tue Oct  5 13:31:10 2021...
